Launching algorithm ...
Computing Portfolio ...
Retrieving Orderbook : 0
Retrieving Orderbook : 1
Retrieving Orderbook : 2
Retrieving Orderbook : 3
Retrieving Orderbook : 4
Retrieving Orderbook : 5
Retrieving Orderbook : 6
Retrieving Orderbook : 7
Retrieving Orderbook : 8
Retrieving Orderbook : 9
Retrieving Orderbook : 10
Traceback (most recent call last):
  File "main.py", line 187, in <module>
    main()
  File "main.py", line 9, in main
    LaunchStrategy()
  File "/home/Beacon/model.py", line 151, in LaunchStrategy
    time.sleep(frequency)
KeyboardInterrupt
